28581
22777
9772
4174
1776
767
337
141
51
10
-9
-16
1051
1466
2022
6635
6980
3180
1383
877
1087
1292
834
948
886
644
6015
17998
8553
4100
4133
1765
772
921
1096
4309
2737
6166
4392
1967
1632
4826
5775
2803
4343
3730
14388
7622
3605
1540
680
372
496
659
2935
12651
8129
4314
2186
1254
1212
1423
3325
2160
3565
6284
6584
4100
2241
1900
1158
1044
676
18013
11673
6159
2941
2286
28586
28587
18194
11789
8802
4579
1961
943
668
529
1646
730
534
3661
1651
6587
8391
3672
1685
753
3793
2126
3708
1620
756
428
322
272
336
5167
2393
1058
2228
15739
8945
755
17682
23524
10631
4640
2818
1254
968
4169
3134
2549
1648
1300
986
848
732
876
1108
729
987
1483
2780
3551
3287
3844
6132
5009
3493
2248
1613
1558
1472
1343
1145
1410
1695
2096
2561
3056
3211
3814
3908
4210
3603
3146
2557
2622
3682
4520
3954
3422
5371
4557
4003
3683
3425
2919
3242
2917
2533
2905
3193
3065
3222
3584
3757
3395
3634
3873
3388
3438
3197
2630
2555
2971
2885
2766
4154
3739
2977
3834
3932
2721
2837
2791
3548
4234
3008
2614
2227
2520
2583
2734
2916
3403
3604
3399
3624
3519
3795
3888
4036
3654
2831
2616
3191
3160
3225
3339
3464
3093
3915
4181
3452
3467
4101
3340
2490
2610
3052
2983
5094
5696
4305
2380
2188
2276
2308
4250
3670
2442
2165
2887
3090
2598
3102
2807
2707
3046
3440
3212
3519
3670
2898
2696
3436
3284
3115
3272
3492
2557
2216
2524
2734
2702
3303
3397
3057
3871
5117
5117
4911
8505
8788
7919
11255
11341
10085
10077
9363
6600
4435
3572
2396
1478
1381
1459
1095
1203
1435
1403
1522
2241
2410
2240
3214
3740
3582
4111
4293
3952
4228
5556
5857
5220
7249
7775
6599
5181
4378
2003
2108
2527
3045
3127
3153
3560
3461
3821
3076
2712
2546
2284
2603
2761
2589
2767
3089
3110
3252
3333
3488
3371
5180
6645
6745
7549
7162
5552
4698
4420
3733
2814
2485
2209
2069
2785
3336
3006
2577
2417
2401
2726
3286
3028
3089
3582
3318
3105
3199
3259
3585
3586
3713
3626
3377
3586
3648
3279
3153
3350
3308
3164
3198
2971
2704
2750
3013
2774
2656
2930
2850
2681
2909
2875
2941
3645
4088
4039
4386
4975
4674
4400
4464
4204
3183
2846
3111
2673
2739
3099
3016
2629
2890
2781
2552
2774
2706
2696
2743
5577
5268
5127
4613
4183
4150
3720
3779
4021
3985
3858
3861
3906
3811
3701
3580
3533
3277
3239
3125
3039
2936
2950
3351
3521
3413
3021
2998
3036
3076
3029
2989
3070
3014
3121
3144
3335
3450
3566
3658
3553
3511
3656
3520
3407
3463
3417
3340
3128
2997
3121
3267
3352
3373
3700
3686
3393
3193
3167
3037
3105
2995
3039
3157
3217
3458
3509
3446
3513
3547
3493
3494
3411
3347
3200
3172
3373
3198
3089
3066
3383
3484
3396
3358
3441
3430
3368
3266
3221
3326
3243
3130
3197
3332
3028
2928
2918
2947
2929
3237
8301
7364
6994
5977
5333
4057
2774
2193
2155
1916
2435
3916
4701
4502
3771
3235
3053
3742
4019
4132
5458
6147
4081
2480
2044
1985
2075
2472
3313
3309
3971
3981
2897
2138
2295
2668
2897
3525
3943
3255
3103
3513
3755
3928
5159
5066
3333
2670
2781
2376
2558
4648
5000
3697
2906
2170
1720
2326
3237
3368
3380
3830
3622
3187
3051
2947
3317
3893
3747
4127
4244
3339
2760
2767
2658
2824
3255
3418
3180
3502
3846
3877
3716
4212
3887
3213
3679
3664
3494
4193
3946
3156
3198
3470
3724
3090
3016
3119
2288
2635
28588
28588
24500
18153
13723
9169
5238
2897
1740
1272
1704
1878
2207
3521
5014
5156
3895
3427
3202
2894
2994
3641
3622
4263
2688
1604
1300
1360
2469
4634
5057
3664
3206
3044
2993
4089
3848
2952
2446
2649
3428
4074
3332
3435
3253
3828
3218
2546
2093
2149
2389
2305
2337
2289
1891
2555
3584
2577
2433
3512
4669
5942
6879
7199
6428
5602
5298
3840
3063
3065
2956
2808
2639
2971
3097
3224
3126
2598
1874
2233
2696
2095
2710
3448
2101
1548
2342
2334
2876
4467
4656
4191
3160
2680
2531
3279
5070
4989
3996
3571
62
104
118
202
564
694
1628
6385
3936
2306
1536
1339
1091
1401
2015
2303
2151
2747
2989
2239
2148
2292
2087
2525
4249
3991
3049
3052
2670
2337
2543
2776
3124
5480
6665
6121
4973
4460
2816
1482
1066
1204
1144
951
1580
2272
2207
3174
2995
2825
3056
3415
3381
4348
5090
6136
6146
5195
3666
1951
1621
1613
1320
1126
1250
1091
918
1103
1023
846
831
1071
1106
972
1619
2717
1929
3915
6979
5288
4280
3842
2759
2294
2322
2786
4486
6186
5356
3439
2327
1940
1546
1333
1213
943
660
548
473
327
969
708
836
702
586
942
696
511
595
721
575
598
1776
1768
2451
2759
2190
1719
2198
2547
2298
1929
2445
2474
2763
3783
3358
2956
3197
3240
3024
2956
3060
2801
2566
2711
3153
3125
3607
3584
3347
3363
2969
2663
3073
2673
2585
2556
2098
2665
2577
2794
3434
4670
5159
5666
6029
8614
10035
9250
10230
9742
11149
16794
27510
28591
28590
28589
28589
28589
28589
28588
27949
28589
28588
28588
28587
28588
28588
28588
28588
28588
28587
28587
28587
28587
28587
28587
28587
28587
28587
28587
28587
28587
28587
28587
28587
28587
28587
28587
28585
28586
28586
28586
28585
28586
28586
28586
28586
28586
28586
28586
28426
23436
18996
16053
11100
8959
8087
5783
3225
2111
2488
2541
2655
2915
3641
3119
3171
3533
2978
3253
3746
3385
3699
3339
2664
2713
3482
3987
4044
4164
4179
3265
2900
2776
3118
3061
3428
3569
2880
3327
4741
4463
3345
3856
2857
2431
2902
4035
3599
3470
3490
3009
2876
3293
4585
3517
3018
3327
2947
3009
3378
3416
3909
3649
3146
2975
3133
3308
3359
3023
3094
2599
2565
3270
3692
3560
3748
3749
3333
3263
3594
3817
3414
3407
3393
3080
3328
3784
7796
5888
4503
3792
3198
2925
3115
3299
3193
3668
3935
3740
3480
3398
3258
3061
3224
3789
4088
3832
4044
3575
2893
2760
2899
2766
2516
2906
2636
2464
2724
2925
3283
3944
3843
3341
3023
3038
2971
3327
3592
3421
3398
3702
3687
3551
3717
3614
3405
3334
3296
3110
3273
4137
3716
2964
2986
3590
3291
3181
2847
2855
3270
3660
3574
3253
2798
2688
2738
3366
3538
3732
3372
3176
3429
3523
3365
3672
3156
3560
3746
3330
3166
3661
3936
3544
3472
3307
3201
3368
3636
3331
3135
3233
3312
2940
2641
2979
3018
3045
4245
3829
3140
3060
3207
3420
3102
3313
3764
3669
3385
3241
3233
2688
2676
2585
2861
3173
3757
3916
3778
3563
3841
3572
3402
3362
3164
3091
3095
3284
3048
3389
3395
3139
3073
3148
3325
3507
3636
3251
3006
3118
3038
2990
3191
3795
3171
3220
3388
3306
3351
3882
4240
3284
2656
2777
2842
2739
3293
3315
3108
3141
3491
3324
3317
3444
3223
3234
3604
3650
3869
4017
3421
2927
2672
2810
3019
3184
3812
3868
3618
3489
3452
3075
3133
3262
3203
2904
3448
3890
3432
3484
3288
2706
2867
3728
3231
3279
3916
3474
3181
2822
2924
3123
2632
2970
3326
3359
3199
3466
3385
3322
4587
5461
4743
3917
3988
3349
2959
3410
3642
3414
2925
2644
2229
2063
2845
3391
3343
3845
3611
2766
3059
3783
3833
3639
3542
2956
2769
2740
2889
3085
3213
3753
3789
3193
2755
2922
3554
3766
3481
3116
2848
2988
2833
2795
2623
2897
2953
3079
2975
2865
3202
3192
3261
3466
3705
3577
3252
4111
3691
3195
2891
2931
3183
3147
3031
3480
3288
2955
3250
3220
3284
3389
3023
2579
2678
2860
2795
2792
2893
3121
3319
3585
3493
3481
3312
3214
3176
3390
4830
4537
4297
3708
3651
3180
2966
3426
3333
2937
3068
3143
2838
2412
2272
2192
2443
2750
2960
2857
2839
2911
3376
3545
3809
3851
3830
3737
3540
3320
4070
3892
3353
3910
3778
3349
2878
2989
2937
2869
3134
3393
3133
2681
2609
2627
2930
3061
3477
3885
3300
2881
2952
2919
3134
3147
3158
4104
4071
3739
3645
3902
3505
3631
3605
3104
2508
2386
2470
2415
2405
2925
2834
3634
4027
3351
2901
2637
2716
2413
2739
3273
3035
3157
4534
3863
3867
3334
3168
3109
3747
3919
3706
3128
2748
2533
2505
3438
3718
3739
14997
8319
5260
4052
2473
2097
1978
2140
2554
2747
2366
2282
2896
2962
3068
3476
4941
5092
5748
4931
3734
3602
3916
3834
4804
4235
3629
3004
2496
2508
2447
2648
3218
2789
2773
2781
3218
3166
3252
3288
3387
3678
3454
3379
3252
2967
3050
2883
3022
3974
4277
4177
4988
4542
3114
2703
2408
2274
2926
3224
2970
2866
3369
3600
3861
3727
3354
3021
2758
2975
3399
3268
4015
3594
3304
3498
3467
3291
3014
3910
4123
3573
3086
3476
2973
3717
4393
3542
2457
2185
2172
2472
2931
5068
4124
4019
3102
2517
3184
5222
3583
3249
3040
3892
3700
4031
3981
5512
4105
2485
2287
2109
4068
3458
8569
5001
2578
1566
2747
7966
4179
2325
1481
1517
2281
2329
4948
3957
7018
4169
2622
1764
1394
1631
2574
3066
3564
3913
4130
3892
3604
3429
3409
3497
3621
4534
3299
2317
1888
1935
2285
2552
2908
3758
3666
4684
5615
4865
3211
2621
2765
2989
3201
3416
3229
3003
3304
3647
3727
3665
3812
3329
2791
2601
2948
3412
4272
3834
3007
2943
3275
3391
3213
3201
3378
3144
3554
3260
3069
2698
2543
2818
3606
3522
3436
3087
2692
2850
3258
3240
4557
3310
2901
3179
3584
3737
3235
2835
2829
3038
3465
3331
3205
2718
2795
2811
3560
3644
3528
3611
3033
3181
3123
3179
3402
3424
3346
3572
2941
2491
2886
2957
2787
2828
2893
2753
2625
2655
3072
4072
3639
2858
3402
3269
2889
3006
3261
3851
4918
3978
3075
2946
2703
3637
2878
4241
4070
3407
2914
2942
2925
3187
3435
3430
3672
3694
3875
3281
2896
2606
2627
3175
3543
3295
3285
3610
3407
3996
3982
5093
4291
3431
3972
2505
1786
1456
1795
1889
2382
2836
2534
3109
2755
3180
3243
3575
8597
21715
25081
24467
28590
27369
25246
24163
20453
18118
17938
14750
12361
9767
7115
3459
1664
958
709
661
988
1056
1777
2564
3098
2807
3145
3979
4381
3578
3122
2679
3389
4986
4881
4318
5652
4089
2486
1780
2249
3694
3721
4863
4141
2484
2019
3027
3444
3568
11970
10115
4936
2564
1601
1288
1560
2966
2375
2783
3245
3000
5697
4156
2601
1716
1726
2019
1978
2528
3754
5273
5767
9910
10155
8444
7032
6871
4145
2503
4246
2710
2257
2165
2590
2334
3205
6791
4752
2909
3028
2904
2625
3049
2734
2438
3111
4585
5143
3495
2668
2652
2201
4434
18131
12457
7912
4886
3377
3095
1864
2147
2850
6511
6551
7339
4144
3335
5036
3003
1873
1903
1965
2065
5952
6711
3780
2731
2457
2032
1538
1801
2408
2587
3509
3870
3104
3669
4154
3187
2065
2000
2322
3702
4249
4845
4930
3564
3056
2717
2567
2814
4184
4128
3849
3635
3402
2862
3097
2960
3071
3452
4134
5169
4163
2890
2676
1761
1775
2038
2409
2924
6130
4672
5757
4028
2516
1840
2344
4507
3418
2944
2986
2793
3198
3595
3623
6044
6849
5630
3183
2112
2242
1974
2024
3188
6326
3817
3594
3132
3098
2482
2273
2271
27312
25419
27891
19779
13685
9307
6804
4022
2394
1747
1526
1616
2146
2577
2442
4131
6386
4765
3586
3287
3862
5952
3820
2595
1802
1334
1292
1546
2798
3686
2913
3055
4735
4072
3422
3071
2911
2863
3060
3312
3203
3793
3913
3398
2514
2335
2647
2895
3530
4135
3531
2916
2534
1983
2153
4757
5852
5188
6179
5802
3923
3727
3417
3127
2736
3426
3580
2920
2083
2321
3107
2888
2803
2289
2225
2464
2726
3019
2974
2867
6319
5589
6796
6834
4003
2241
2596
2403
2965
3761
3346
3393
6284
6331
4816
4640
3479
1869
1270
1515
3801
3831
3552
7490
8059
4686
2675
1976
1615
1524
1522
1751
1830
2610
3578
3108
3506
3642
3894
3325
3074
2785
2800
3291
3588
3572
3365
4024
3623
2986
3593
3379
2837
2590
2935
3068
2911
2953
2955
2740
3121
3388
3117
2871
2725
3174
5803
5844
4211
3306
3320
3548
3837
3549
4242
3548
2791
2830
2769
2725
2788
2385
2431
2776
3083
3349
3355
3289
2812
2281
2924
3219
3158
3535
3946
3552
3193
4278
4104
3078
2852
3770
5657
5076
3756
2420
1973
2009
2489
2515
3003
4061
2801
2481
2509
2440
2535
3731
3395
3094
9591
8513
7221
5452
3944
3624
2734
2186
2444
2907
2846
2929
3257
3311
3319
3829
3790
3391
3190
2929
2317
3446
4822
3511
3038
2966
2829
2598
2852
3302
2747
2939
3407
2850
2929
3111
2715
2781
3667
3743
3818
4100
4819
3565
2931
3324
2998
2389
2755
3245
2740
2683
2988
2701
2320
2971
2954
3070
3148
3208
2928
3086
3773
3578
3281
3805
3833
3329
4282
3834
3145
2922
3263
2965
2900
3311
3880
3422
3910
3100
2275
2723
3500
3168
2969
2970
2638
2294
2519
2619
3463
3396
4577
3936
3235
3862
3592
2697
2105
2802
3415
3099
2816
2963
2860
2949
3282
3410
3079
3093
3038
4189
3522
2585
2880
2236
2249
2393
2472
2957
3399
3340
3150
3514
3235
2833
3611
3710
3275
3668
3884
3168
3033
3532
3453
3149
4786
4868
3145
2559
2416
2381
2284
2875
2944
2733
2843
2869
2885
3158
3468
3183
2899
3307
4184
3506
4041
3788
3699
3582
3787
3149
2543
2513
2923
3195
3941
3284
2910
2864
2614
3057
3712
3403
3112
3053
3161
3211
3066
3007
3020
2917
3113
3179
3293
3513
3415
3746
3733
4252
3357
2710
2377
2804
3194
3153
3497
3317
2811
2620
2165
2432
2447
2571
2921
2701
2819
3040
3337
3160
3110
3613
3440
3034
3218
3172
3288
3799
3702
3250
3440
3628
3438
3368
3651
3232
2626
2356
2352
2187
2450
4178
3865
3765
3437
3060
3108
3018
2825
2524
2580
3049
3173
3253
3494
3475
3675
3581
3299
2796
2801
2859
2897
3893
3420
2980
2571
3056
3357
2962
2698
2919
2754
2794
3327
3545
2946
2689
2802
3159
4222
3946
3274
3028
3694
3947
3345
3469
3356
3286
2798
2950
3005
2731
3084
3121
2965
2818
3227
2453
2375
3381
3564
2944
2905
2947
2425
2672
3148
3502
3067
3085
3476
3449
3262
3222
3831
3519
4939
4170
2969
2052
1975
2140
2146
2484
2428
2447
2532
3245
2741
2695
3486
3722
3351
3730
3414
3574
2843
2675
2707
2786
3441
4624
3802
4028
5166
4146
2640
2980
2384
2376
2272
2058
1837
2520
2273
1799
1525
2374
2652
3432
3810
3791
3863
3517
3217
2568
3324
2787
2606
2937
3811
3633
3261
3349
3307
2618
2237
2751
2417
2104
1928
1986
2475
4589
4624
4525
4033
3526
3061
3022
3206
2957
3093
3579
3407
3473
3793
2905
2574
2690
2635
2982
2622
3063
3805
3689
3857
3264
556
1035
923
725
769
524
610
667
756
556
658
586
1137
2894
3881
16596
16943
11851
10228
6238
3584
2366
2053
2258
2467
2752
2329
2602
3082
3358
3750
4111
4853
5142
5827
7773
9484
8569
14898
13990
10975
7012
4721
3782
3390
2735
2062
3270
4069
4131
5535
4677
2228
1360
1242
2360
2234
3553
3180
3328
4856
24389
23488
16247
9525
6435
4933
4259
3857
4266
3093
3229
5005
5475
4573
3289
2282
1905
2176
1647
1880
1599
1510
1208
1065
2197
3250
4582
8378
13485
8877
6342
6271
7409
7147
3640
1933
2295
5574
6356
3430
3971
3616
7050
10069
25604
22017
13328
10984
7311
7574
6493
3793
3781
2727
1703
2068
2369
2927
2438
2467
3619
3208
3583
3344
5286
5387
4280
2981
3234
3544
3654
3129
3221
2993
3010
3041
2475
2276
1759
1402
1381
1987
3309
16610
20208
22184
16042
18079
11419
8034
4279
2858
3797
3921
3518
3935
4985
2796
2937
2137
1769
2413
4539
3328
2586
2385
3029
5926
6696
7825
7450
5949
3646
2108
9772
15607
10942
10808
9378
6033
3624
2749
2347
4025
5699
5952
7843
6650
3620
1777
1155
854
532
350
395
409
754
1091
1856
13508
12696
15899
19176
13945
16375
12131
11260
8212
4710
2846
2051
1488
1361
1666
1842
1821
2221
4967
6310
5871
4891
3883
3169
4489
3810
4163
3615
3108
2468
5561
3601
3416
2792
2004
2024
2819
1782
1082
899
1017
916
3122
5685
4925
10519
9225
8865
4937
2437
1949
2419
3062
3903
3898
3219
2405
2158
2780
5095
4727
4251
2816
1809
2026
2727
3069
3542
4197
3182
2152
3252
4215
3147
3748
2668
2692
3645
3828
4162
3411
3287
3244
3701
4951
3059
2492
2039
1945
2329
2044
3375
3002
2536
4039
8892
10445
12141
11020
7533
6502
8770
9403
8387
4944
3602
2397
1507
1279
1320
1732
2647
2688
2831
2046
2578
3747
4186
3087
2286
2761
4751
15408
22162
28592
28591
27248
16319
11297
8110
3808
2086
1807
1021
694
528
428
575
734
1125
1582
2067
2080
1962
4212
4271
5168
4261
5725
5790
6787
7614
9856
7794
4556
3799
3350
1946
2036
2123
2486
2517
2953
4439
7202
10527
8480
5928
4489
4935
3205
2295
4535
3155
2456
3524
3091
3617
8265
5181
2300
1061
578
346
382
385
598
743
1197
2148
2435
2365
2756
2353
2019
2906
4456
4455
6178
6642
3546
3372
3218
3670
3582
4016
4906
5958
4213
3928
4859
4319
2450
2117
1966
6596
22912
25593
23620
22811
14608
8097
4898
2242
1353
734
3742
2299
1425
1632
4473
2624
1207
688
686
740
781
727
759
919
812
9539
5372
2822
2016
3515
4583
4239
3131
2158
2247
2040
3411
4332
6024
4477
3486
3763
4106
3728
3309
4546
4104
3764
2204
4164
2489
1798
1366
1210
2559
2299
1885
3048
2307
3476
2789
2950
2593
2187
1807
3450
4059
4076
4482
3529
7592
6408
3450
4331
4343
2789
2125
3203
4465
3352
2740
3199
4086
3373
6184
6199
5829
3746
8455
6688
3359
1589
1437
1896
3103
2738
2524
1481
1012
1585
2503
5471
5692
4692
3368
3973
3015
2397
3133
5093
5639
4774
4051
2577
3153
3574
4185
2602
2438
6089
3349
2869
4010
2662
1486
2100
3064
3269
3913
4797
2973
1876
2769
2773
2076
2670
2238
2717
1871
1703
2590
2086
1454
5215
10715
9941
9464
8288
6963
7930
5574
2685
1375
949
660
405
296
1349
1095
1218
1233
1693
2529
2121
1704
1323
3184
2879
3732
5145
4732
3133
1848
1934
2936
4168
11378
9078
8712
5291
4690
3296
2517
3174
5635
4005
3422
2982
3474
19084
24174
13640
10902
5445
2760
1506
1084
728
794
1412
1166
925
1353
2287
1684
1736
1904
2499
2578
3434
5264
5247
4330
3438
2851
3112
3160
4778
4597
6216
5123
4427
3468
3094
3047
3109
3060
2597
1761
1551
2717
2192
1823
2298
2018
2113
3018
3430
3621
3586
3329
3093
3069
3417
4151
3521
2447
2067
2853
2615
3895
4047
4234
3628
3014
2557
2991
2775
2430
2371
2464
3437
12763
8806
4662
3151
4656
6066
17251
9534
6138
3677
2662
2037
1892
2103
2863
2779
2726
2890
3821
4358
4335
3856
877
1270
1816
2543
3105
2671
2449
3010
4311
5281
5659
5174
4353
3861
3864
4218
3844
5601
5258
3098
2923
3356
3097
2429
2242
2225
2339
2741
3391
3758
4025
3604
3125
2605
2820
2856
3416
3657
3712
3351
3072
3261
3479
3591
4180
3848
3535
3478
3349
2699
2405
2632
3424
3329
3612
4126
3588
3121
3398
3243
4158
3625
2959
2430
2771
2898
2918
3897
3579
2933
3134
3217
2806
2480
3030
3331
3687
4218
3877
3054
2784
3436
3304
3378
3457
3428
3212
3400
4460
4114
3316
3168
2548
3008
3043
2992
3021
3847
3373
2815
16580
12782
9630
6835
3922
2439
2200
2454
3636
3746
3213
2754
3079
3382
3092
4013
4015
3018
2799
3227
3402
3475
3793
3230
2704
3035
3144
3052
3421
3657
3269
2909
3202
3644
3123
2827
3009
3014
3081
3075
3258
3450
3725
3378
2966
3432
3561
3182
3241
3876
3100
2760
2669
2917
3229
3408
3516
2938
3031
3125
3106
3153
3526
3697
3031
2787
2946
3057
3439
4040
3336
3013
2985
3274
3063
3088
3372
3087
3447
3573
3304
3071
3102
3249
3082
3270
3714