520,190,-12
520,180,-26
520,170,-56
520,160,-126
521,340,-25
521,330,-62
521,320,-121
521,310,-45
521,300,114
521,290,10
521,280,-23
521,270,-18
521,260,-155
521,250,-98
521,240,40
521,230,87
521,220,-6
521,210,-21
521,200,-65
521,190,-144
521,180,-58
521,170,136
521,160,25
521,150,-18
521,140,-19
521,130,-150
521,120,-101
521,110,30
521,100,96
521,591,-108
521,581,15
521,571,112
521,561,-2
521,551,-22
521,541,-54
521,531,-152
521,521,-66
521,511,139
521,501,32
521,491,-16
521,481,-20
521,471,-136
521,461,-114
521,451,6
521,441,117
521,431,0
521,421,-21
521,411,-46
521,401,-155
521,391,-71
521,381,132
521,371,40
521,361,-14
521,351,-20
521,341,-124
521,331,-124
521,321,-10
521,311,124
521,301,5
521,291,-20
521,281,-33
521,271,-163
521,261,-79
521,251,109
521,241,51
521,231,-13
521,221,-23
521,211,-102
521,201,-134
521,191,-38
521,181,130
521,171,11
521,161,-19
521,151,-22
521,141,-160
521,131,-87
521,121,78
521,111,69
521,101,-9
522,591,30
522,581,101
522,571,-2
522,561,-22
522,551,-56
522,541,-151
522,531,-67
522,521,136
522,511,35
522,501,-15
522,491,-20
522,481,-122
522,471,-124
522,461,-16
522,451,125
522,441,7
522,431,-20
522,421,-23
522,411,-160
522,401,-85
522,391,81
522,381,68
522,371,-9
522,361,-21
522,351,-74
522,341,-144
522,331,-57
522,321,137
522,311,28
522,301,-18
522,291,-19
522,281,-144
522,271,-111
522,261,8
522,251,118
522,241,1
522,231,-21
522,221,-35
522,211,-160
522,201,-78
522,191,103
522,181,56
522,171,-11
522,161,-21
522,151,-87
522,141,-142
522,131,-52
522,121,135
522,111,22
522,101,-18
522,591,120
522,581,46
522,571,-13
522,561,-20
522,551,-99
522,541,-137
522,531,-45
522,521,133
522,511,16
522,501,-19
522,491,-19
522,481,-155
522,471,-99
522,461,32
522,451,100
522,441,-2
522,431,-22
522,421,-53
522,411,-152
522,401,-70
522,391,128
522,381,42
522,371,-14
522,361,-20
522,351,-107
522,341,-133
522,331,-40
522,321,132
522,311,14
522,301,-19
522,291,-19
522,281,-158
522,271,-96
522,261,43
522,251,92
522,241,-3
522,231,-22
522,221,-58
522,211,-150
522,201,-67
522,191,136
522,181,36
522,171,-15
522,161,-20
522,151,-116
522,141,-128
522,131,-24
522,121,127
522,111,9
522,101,-20
523,591,139
523,581,29
523,571,-17
523,561,-19
523,551,-140
523,541,-113
523,531,4
523,521,119
523,511,1
523,501,-21
523,491,-35
523,481,-160
523,471,-78
523,461,106
523,451,54
523,441,-11
523,431,-21
523,421,-92
523,411,-141
523,401,-49
523,391,134
523,381,18
523,371,-19
523,361,-19
523,351,-155
523,341,-99
523,331,34
523,321,98
523,311,-2
523,301,-22
523,291,-57
523,281,-150
523,271,-67
523,261,136
523,251,36
523,241,-15
523,231,-20
523,221,-121
523,211,-124
523,201,-16
523,191,125
523,181,6
523,171,-20
523,161,-25
523,151,-160
523,141,-83
523,131,89
523,121,63
523,111,-9
523,101,-21
523,591,98
523,581,-2
523,571,-22
523,561,-59
523,551,-150
523,541,-64
523,531,139
523,521,31
523,511,-16
523,501,-19
523,491,-135
523,481,-116
523,471,3
523,461,118
523,451,0
523,441,-21
523,431,-40
523,421,-156
523,411,-73
523,401,119
523,391,43
523,381,-14
523,371,-20
523,361,-111
523,351,-127
523,341,-24
523,331,124
523,321,7
523,311,-20
523,301,-25
523,291,-159
523,281,-81
523,271,95
523,261,57
523,251,-11
523,241,-21
523,231,-95
523,221,-137
523,211,-43
523,201,128
523,191,12
523,181,-19
523,171,-22
523,161,-156
523,151,-86
523,141,76
523,131,67
523,121,-9
523,111,-24
523,101,-75
524,591,-15
524,581,-25
524,571,-58
524,561,-118
524,551,-45
524,541,108
524,531,10
524,521,-24
524,511,-21
524,501,-123
524,491,-78
524,481,28
524,471,68
524,461,-14
524,451,-26
524,441,-55
524,431,-118
524,421,-45
524,411,108
524,401,13
524,391,-24
524,381,-21
524,371,-121
524,361,-82
524,351,23
524,341,74
524,331,-14
524,321,-26
524,311,-54
524,301,-127
524,291,-49
524,281,116
524,271,13
524,261,-23
524,251,-22
524,241,-122
524,231,-86
524,221,17
524,211,85
524,201,-12
524,191,-26
524,181,-50
524,171,-122
524,161,-50
524,151,113
524,141,13
524,131,-23
524,121,-21
524,111,-120
524,101,-89
524,591,-22
524,581,-113
524,571,-93
524,561,7
524,551,89
524,541,-11
524,531,-26
524,521,-44
524,511,-125
524,501,-54
524,491,110
524,481,17
524,471,-22
524,461,-22
524,451,-110
524,441,-94
524,431,4
524,421,90
524,411,-10
524,401,-26
524,391,-40
524,381,-128
524,371,-56
524,361,105
524,351,21
524,341,-22
524,331,-23
524,321,-102
524,311,-99
524,301,-6
524,291,94
524,281,-8
524,271,-25
524,261,-31
524,251,-132
524,241,-59
524,231,92
524,221,29
524,211,-20
524,201,-24
524,191,-89
524,181,-107
524,171,-25
524,161,99
524,151,-3
524,141,-26
524,131,-23
524,121,-130
524,111,-66
524,101,72
525,591,-130
525,581,-75
525,571,42
525,561,61
525,551,-15
525,541,-25
525,531,-60
525,521,-133
525,511,-52
525,501,118
525,491,17
525,481,-23
525,471,-21
525,461,-124
525,451,-87
525,441,18
525,431,85
525,421,-12
525,411,-26
525,401,-46
525,391,-124
525,381,-52
525,371,106
525,361,17
525,351,-21
525,341,-23
525,331,-104
525,321,-100
525,311,-7
525,301,94
525,291,-6
525,281,-26
525,271,-27
525,261,-135
525,251,-63
525,241,83
525,231,37
525,221,-19
525,211,-24
525,201,-80
525,191,-117
525,181,-38
525,171,105
525,161,3
525,151,-24
525,141,-21
525,131,-132
525,121,-75
525,111,40
525,101,64
525,591,-91
525,581,6
525,571,89
525,561,-10
525,551,-26
525,541,-36
525,531,-129
525,521,-58
525,511,93
525,501,28
525,491,-21
525,481,-24
525,471,-87
525,461,-108
525,451,-28
525,441,101
525,431,-2
525,421,-26
525,411,-22
525,401,-132
525,391,-72
525,381,51
525,371,56
525,361,-16
525,351,-26
525,341,-59
525,331,-118
525,321,-45
525,311,113
525,301,13
525,291,-23
525,281,-22
525,271,-119
525,261,-89
525,251,10
525,241,89
525,231,-11
525,221,-27
525,211,-37
525,201,-131
525,191,-58
525,181,94
525,171,27
525,161,-21
525,151,-24
525,141,-87
525,131,-109
525,121,-30
525,111,103
525,101,0
526,591,-46
526,581,114
526,571,13
526,561,-24
526,551,-21
526,541,-121
526,531,-88
526,521,12
526,511,89
526,501,-11
526,491,-26
526,481,-42
526,471,-129
526,461,-56
526,451,100
526,441,24
526,431,-22
526,421,-24
526,411,-89
526,401,-103
526,391,-25
526,381,97
526,371,-3
526,361,-26
526,351,-23
526,341,-128
526,331,-68
526,321,57
526,311,49
526,301,-18
526,291,-25
526,281,-60
526,271,-115
526,261,-43
526,251,105
526,241,10
526,231,-24
526,221,-21
526,211,-120
526,201,-84
526,191,16
526,181,81
526,171,-14
526,161,-26
526,151,-45
526,141,-123
526,131,-53
526,121,105
526,111,19
526,101,-22
526,592,76
526,582,38
526,572,-19
526,562,-25
526,552,-74
526,542,-112
526,532,-38
526,522,102
526,512,1
526,502,-25
526,492,-20
526,482,-126
526,472,-74
526,462,38
526,452,61
526,442,-15
526,432,-25
526,422,-55
526,412,-118
526,402,-47
526,392,109
526,382,10
526,372,-23
526,362,-22
526,352,-116
526,342,-89
526,332,11
526,322,87
526,312,-12
526,302,-27
526,292,-42
526,282,-123
526,272,-54
526,262,103
526,252,19
526,242,-22
526,232,-23
526,222,-99
526,212,-97
526,202,-8
526,192,92
526,182,-8
526,172,-25
526,162,-28
526,152,-130
526,142,-60
526,132,85
526,122,31
526,112,-20
526,102,-24
527,592,46
527,582,-18
527,572,-25
527,562,-69
527,552,-119
527,542,-43
527,532,112
527,522,8
527,512,-24
527,502,-20
527,492,-136
527,482,-80
527,472,43
527,462,68
527,452,-14
527,442,-25
527,432,-61
527,422,-128
527,412,-49
527,402,120
527,392,17
527,382,-23
527,372,-21
527,362,-123
527,352,-85
527,342,20
527,332,79
527,322,-13
527,312,-26
527,302,-49
527,292,-121
527,282,-50
527,272,110
527,262,14
527,252,-23
527,242,-22
527,232,-115
527,222,-96
527,212,7
527,202,96
527,192,-9
527,182,-25
527,172,-40
527,162,-131
527,152,-56
527,142,101
527,132,21
527,122,-22
527,112,-23
527,102,-101
527,592,-20
527,582,-25
527,572,-79
527,562,-110
527,552,-34
527,542,99
527,532,-1
527,522,-26
527,512,-21
527,502,-127
527,492,-70
527,482,55
527,472,51
527,462,-17
527,452,-26
527,442,-62
527,432,-114
527,422,-42
527,412,104
527,402,7
527,392,-24
527,382,-21
527,372,-124
527,362,-80
527,352,27
527,342,70
527,332,-14
527,322,-26
527,312,-52
527,302,-118
527,292,-48
527,282,110
527,272,10
527,262,-23
527,252,-22
527,242,-113
527,232,-88
527,222,8
527,212,84
527,202,-12
527,192,-26
527,182,-40
527,172,-124
527,162,-54
527,152,100
527,142,20
527,132,-22
527,122,-23
527,112,-96
527,102,-99
528,592,-25
528,582,-77
528,572,-110
528,562,-36
528,552,100
528,542,0
528,532,-26
528,522,-20
528,512,-129
528,502,-72
528,492,48
528,482,53
528,472,-17
528,462,-26
528,452,-58
528,442,-115
528,432,-43
528,422,107
528,412,10
528,402,-24
528,392,-21
528,382,-119
528,372,-81
528,362,21
528,352,75
528,342,-14
528,332,-26
528,322,-48
528,312,-120
528,302,-50
528,292,106
528,282,13
528,272,-23
528,262,-23
528,252,-103
528,242,-95
528,232,-2
528,222,90
528,212,-9
528,202,-26
528,192,-30
528,182,-130
528,172,-60
528,162,83
528,152,31
528,142,-20
528,132,-25
528,122,-80
528,112,-109
528,102,-35
528,592,-56
528,582,-118
528,572,-46
528,562,108
528,552,9
528,542,-23
528,532,-22
528,522,-110
528,512,-90
528,502,2
528,492,87
528,482,-10
528,472,-26
528,462,-30
528,452,-128
528,442,-59
528,432,81
528,422,33
528,412,-20
528,402,-24
528,392,-74
528,382,-111
528,372,-38
528,362,101
528,352,4
528,342,-24
528,332,-21
528,322,-123
528,312,-79
528,302,23
528,292,74
528,282,-14
528,272,-27
528,262,-45
528,252,-121
528,242,-52
528,232,102
528,222,21
528,212,-22
528,202,-23
528,192,-91
528,182,-101
528,172,-23
528,162,96
528,152,-3
528,142,-25
528,132,-22
528,122,-128
528,112,-70
528,102,49
529,592,-113
529,582,-88
529,572,7
529,562,86
529,552,-11
529,542,-26
529,532,-34
529,522,-127
529,512,-57
529,502,87
529,492,28
529,482,-21
529,472,-25
529,462,-81
529,452,-108
529,442,-34
529,432,98
529,422,0
529,412,-25
529,402,-20
529,392,-126
529,382,-73
529,372,40
529,362,59
529,352,-15
529,342,-26
529,332,-54
529,322,-117
529,312,-47
529,302,108
529,292,11
529,282,-24
529,272,-23
529,262,-106
529,252,-93
529,242,-2
529,232,88
529,222,-9
529,212,-26
529,202,-27
529,192,-128
529,182,-61
529,172,75
529,162,35
529,152,-19
529,142,-25
529,132,-72
529,122,-111
529,112,-39
529,102,102
529,592,-120
529,582,-51
529,572,106
529,562,16
529,552,-23
529,542,-23
529,532,-98
529,522,-98
529,512,-12
529,502,91
529,492,-6
529,482,-26
529,472,-24
529,462,-126
529,452,-64
529,442,64
529,432,43
529,422,-18
529,412,-25
529,402,-63
529,392,-113
529,382,-44
529,372,110
529,362,11
529,352,-23
529,342,-22
529,332,-128
529,322,-89
529,312,17
529,302,92
529,292,-11
529,282,-26
529,272,-41
529,262,-127
529,252,-57
529,242,100
529,232,26
529,222,-20
529,212,-23
529,202,-90
529,192,-107
529,182,-29
529,172,102
529,162,-1
529,152,-25
529,142,-21
529,132,-132
529,122,-75
529,112,45
529,102,61
530,592,-97
530,582,-5
530,572,94
530,562,-6
530,552,-26
530,542,-25
530,532,-131
530,522,-66
530,512,66
530,502,47
530,492,-17
530,482,-25
530,472,-62
530,462,-117
530,452,-45
530,442,110
530,432,11
530,422,-24
530,412,-23
530,402,-110
530,392,-93
530,382,-2
530,372,92
530,362,-8
530,352,-26
530,342,-25
530,332,-131
530,322,-66
530,312,66
530,302,44
530,292,-18
530,282,-25
530,272,-61
530,262,-116
530,252,-45
530,242,108
530,232,10
530,222,-24
530,212,-22
530,202,-112
530,192,-94
530,182,-3
530,172,91
530,162,-7
530,152,-26
530,142,-24
530,132,-128
530,122,-66
530,112,61
530,102,47
530,592,-92
530,582,-1
530,572,91
530,562,-7
530,552,-26
530,542,-25
530,532,-131
530,522,-65
530,512,67
530,502,46
530,492,-17
530,482,-26
530,472,-58
530,462,-117
530,452,-46
530,442,110
530,432,11
530,422,-23
530,412,-23
530,402,-103
530,392,-98
530,382,-13
530,372,94
530,362,-4
530,352,-26
530,342,-23
530,332,-129
530,322,-72
530,312,43
530,302,60
530,292,-15
530,282,-26
530,272,-51
530,262,-120
530,252,-52
530,242,105
530,232,19
530,222,-22
530,212,-25
530,202,-89
530,192,-105
530,182,-31
530,172,100
530,162,0
530,152,-24
530,142,-20
530,132,-124
530,122,-79
530,112,23
530,102,77
531,592,-110
531,582,-36
531,572,102
531,562,3
531,552,-26
531,542,-20
531,532,-123
531,522,-81
531,512,19
531,502,81
531,492,-13
531,482,-26
531,472,-39
531,462,-125
531,452,-57
531,442,91
531,432,28
531,422,-21
531,412,-24
531,402,-80
531,392,-111
531,382,-36
531,372,103
531,362,3
531,352,-25
531,342,-20
531,332,-126
531,322,-77
531,312,29
531,302,69
531,292,-14
531,282,-26
531,272,-50
531,262,-119
531,252,-50
531,242,109
531,232,14
531,222,-23
531,212,-22
531,202,-103
531,192,-94
531,182,-1
531,172,89
531,162,-10
531,152,-26
531,142,-32
531,132,-128
531,122,-59
531,112,89
531,102,26
531,593,-63
531,583,70
531,573,38
531,563,-19
531,553,-24
531,543,-78
531,533,-110
531,523,-34
531,513,99
531,503,-3
531,493,-25
531,483,-23
531,473,-128
531,463,-66
531,453,70
531,443,39
531,433,-20
531,423,-24
531,413,-77
531,403,-107
531,393,-32
531,383,94
531,373,-4
531,363,-26
531,353,-23
531,343,-125
531,333,-63
531,323,73
531,313,32
531,303,-20
531,293,-25
531,283,-81
531,273,-105
531,263,-28
531,253,94
531,243,-5
531,233,-26
531,223,-24
531,213,-124
531,203,-61
531,193,75
531,183,31
531,173,-20
531,163,-24
531,153,-83
531,143,-103
531,133,-24
531,123,95
531,113,-4
531,103,-25
532,593,100
532,583,-2
532,573,-22
532,563,-25
532,553,-155
532,543,-77
532,533,97
532,523,50
532,513,-14
532,503,-22
532,493,-102
532,483,-128
532,473,-28
532,463,123
532,453,5
532,443,-22
532,433,-27
532,423,-156
532,413,-77
532,403,105
532,393,46
532,383,-14
532,373,-21
532,363,-107
532,353,-126
532,343,-22
532,333,121
532,323,4
532,313,-22
532,303,-30
532,293,-157
532,283,-75
532,273,109
532,263,44
532,253,-15
532,243,-21
532,233,-110
532,223,-124
532,213,-15
532,203,119
532,193,2
532,183,-22
532,173,-32
532,163,-136
532,153,-61
532,143,97
532,133,28
532,123,-21
532,113,-23
532,103,-99
532,593,-20
532,583,-23
532,573,-92
532,563,-106
532,553,-20
532,543,99
532,533,-4
532,523,-26
532,513,-26
532,503,-134
532,493,-63
532,483,85
532,473,34
532,463,-20
532,453,-23
532,443,-87
532,433,-109
532,423,-28
532,413,101
532,403,-3
532,393,-26
532,383,-23
532,373,-131
532,363,-67
532,353,77
532,343,44
532,333,-18
532,323,-25
532,313,-77
532,303,-116
532,293,-38
532,283,106
532,273,3
532,263,-25
532,253,-20
532,243,-132
532,233,-74
532,223,48
532,213,58
532,203,-16
532,193,-26
532,183,-59
532,173,-120
532,163,-46
532,153,111
532,143,12
532,133,-24
532,123,-21
532,113,-123
532,103,-86
533,593,-23
533,583,-100
533,573,-100
533,563,-11
533,553,94
533,543,-6
533,533,-26
533,523,-26
533,513,-131
533,503,-65
533,493,76
533,483,38
533,473,-19
533,463,-24
533,453,-76
533,443,-114
533,433,-39
533,423,108
533,413,4
533,403,-25
533,393,-21
533,383,-125
533,373,-77
533,363,30
533,353,69
533,343,-13
533,333,-27
533,323,-50
533,313,-120
533,303,-49
533,293,108
533,283,14
533,273,-23
533,263,-23
533,253,-103
533,243,-97
533,233,-6
533,223,92
533,213,-7
533,203,-26
533,193,-26
533,183,-129
533,173,-63
533,163,73
533,153,39
533,143,-19
533,133,-25
533,123,-70
533,113,-112
533,103,-40
533,593,-44
533,583,-122
533,573,-53
533,563,98
533,553,21
533,543,-22
533,533,-24
533,523,-88
533,513,-102
533,503,-25
533,493,95
533,483,-3
533,473,-26
533,463,-22
533,453,-127
533,443,-69
533,433,47
533,423,53
533,413,-15
533,403,-25
533,393,-56
533,383,-118
533,373,-47
533,363,110
533,353,11
533,343,-23
533,333,-22
533,323,-112
533,313,-95
533,303,-1
533,293,94
533,283,-8
533,273,-26
533,263,-29
533,253,-134
533,243,-64
533,233,79
533,223,40
533,213,-19
533,203,-25
533,193,-73
533,183,-118
533,173,-42
533,163,116
533,153,9
533,143,-25
533,133,-21
533,123,-133
533,113,-102
533,103,20
534,593,-102
534,583,-132
534,573,-39
534,563,129
534,553,12
534,543,-20
534,533,-19
534,523,-154
534,513,-94
534,503,41
534,493,90
534,483,-5
534,473,-22
534,463,-57
534,453,-147
534,443,-64
534,433,132
534,423,34
534,413,-17
534,403,-21
534,393,-112
534,383,-124
534,373,-27
534,363,124
534,353,8
534,343,-21
534,333,-22
534,323,-152
534,313,-89
534,303,46
534,293,79
534,283,-3
534,273,-19
534,263,-63
534,253,-157
534,243,-78
534,233,140
534,223,54
534,213,-4
534,203,-19
534,193,-128
534,183,-144
534,173,-35
534,163,139
534,153,23
534,143,-14
534,133,-24
534,123,-164
534,113,-107
534,103,33
534,593,-150
534,583,-198
534,573,-62
534,563,172
534,553,50
534,543,2
534,533,-10
534,523,-196
534,513,-138
534,503,63
534,493,116
534,483,16
534,473,-10
534,463,-67
534,453,-184
534,443,-92
534,433,155
534,423,53
534,413,-4
534,403,-13
534,393,-139
534,383,-150
534,373,-24
534,363,141
534,353,21
534,343,-13
534,333,-21
534,323,-173
534,313,-103
534,303,79
534,293,80
534,283,-1
534,273,-17
534,263,-73
534,253,-156
534,243,-68
534,233,139
534,223,34
534,213,-13
534,203,-16
534,193,-147
534,183,-119
534,173,3
534,163,120
534,153,5
534,143,-19
534,133,-37
534,123,-162
534,113,-82
534,103,109
535,593,-157
535,583,-98
535,573,45
535,563,87
535,553,-3
535,543,-20
535,533,-62
535,523,-150
535,513,-64
535,503,137
535,493,28
535,483,-16
535,473,-19
535,463,-133
535,453,-116
535,443,0
535,433,118
535,423,1
535,413,-21
535,403,-36
535,393,-158
535,383,-76
535,373,108
535,363,48
535,353,-13
535,343,-21
535,333,-101
535,323,-135
535,313,-38
535,303,120
535,293,2
535,283,-24
535,273,-22
535,263,-137
535,253,-75
535,243,62
535,233,53
535,223,-15
535,213,-24
535,203,-69
535,193,-127
535,183,-45
535,173,112
535,163,9
535,153,-24
535,143,-20
535,133,-132
535,123,-81
535,113,36
535,103,68
535,593,-89
535,583,16
535,573,86
535,563,-12
535,553,-26
535,543,-49
535,533,-127
535,523,-53
535,513,115
535,503,15
535,493,-23
535,483,-22
535,473,-116
535,463,-95
535,453,7
535,443,91
535,433,-10
535,423,-26
535,413,-42
535,403,-129
535,393,-56
535,383,109
535,373,21
535,363,-22
535,353,-22
535,343,-108
535,333,-99
535,323,0
535,313,95
535,303,-9
535,293,-26
535,283,-37
535,273,-131
535,263,-59
535,253,102
535,243,25
535,233,-21
535,223,-23
535,213,-101
535,203,-103
535,193,-8
535,183,97
535,173,-7
535,163,-26
535,153,-31
535,143,-135
535,133,-62
535,123,93
535,113,31
535,103,-20
536,593,75
536,583,42
536,573,-18
536,563,-24
536,553,-79
536,543,-114
536,533,-37
536,523,102
536,513,0
536,503,-25
536,493,-21
536,483,-139
536,473,-73
536,463,55
536,453,51
536,443,-17
536,433,-25
536,423,-64
536,413,-117
536,403,-43
536,393,107
536,383,6
536,373,-24
536,363,-20
536,353,-129
536,343,-79
536,333,36
536,323,66
536,313,-14
536,303,-26
536,293,-57
536,283,-121
536,273,-48
536,263,114
536,253,15
536,243,-23
536,233,-21
536,223,-131
536,213,-89
536,203,23
536,193,82
536,183,-12
536,173,-26
536,163,-53
536,153,-126
536,143,-51
536,133,117
536,123,15
536,113,-23
536,103,-22
536,594,23
536,584,-22
536,574,-23
536,564,-105
536,554,-102
536,544,-4
536,534,96
536,524,-8
536,514,-26
536,504,-32
536,494,-135
536,484,-62
536,474,94
536,464,31
536,454,-20
536,444,-24
536,434,-92
536,424,-110
536,414,-25
536,404,103
536,394,-2
536,384,-22
536,374,-24
536,364,-130
536,354,-67
536,344,71
536,334,40
536,324,-19
536,314,-25
536,304,-74
536,294,-115
536,284,-39
536,274,104
536,264,3
536,254,-25
536,244,-20
536,234,-128
536,224,-77
536,214,37
536,204,62
536,194,-15
536,184,-27
536,174,-55
536,164,-120
536,154,-48
536,144,109
536,134,10
536,124,-23
536,114,-22
536,104,-112
537,594,-21
537,584,-24
537,574,-81
537,564,-112
537,554,-36
537,544,102
537,534,1
537,524,-26
537,514,-20
537,504,-128
537,494,-77
537,484,34
537,474,67
537,464,-14
537,454,-26
537,444,-53
537,434,-124
537,424,-51
537,414,111
537,404,15
537,394,-23
537,384,-23
537,374,-101
537,364,-99
537,354,-12
537,344,95
537,334,-6
537,324,-26
537,314,-24
537,304,-128
537,294,-67
537,284,61
537,274,48
537,264,-18
537,254,-26
537,244,-59
537,234,-118
537,224,-46
537,214,110
537,204,11
537,194,-24
537,184,-22
537,174,-113
537,164,-93
537,154,0
537,144,90
537,134,-8
537,124,-26
537,114,-27
537,104,-130
537,594,-24
537,584,-22
537,574,-115
537,564,-93
537,554,1
537,544,92
537,534,-8
537,524,-26
537,514,-25
537,504,-131
537,494,-67
537,484,61
537,474,50
537,464,-17
537,454,-26
537,444,-57
537,434,-119
537,424,-49
537,414,110
537,404,13
537,394,-23
537,384,-23
537,374,-98
537,364,-102
537,354,-21
537,344,98
537,334,-2
537,324,-26
537,314,-20
537,304,-129
537,294,-75
537,284,31
537,274,69
537,264,-14
537,254,-27
537,244,-45
537,234,-123
537,224,-55
537,214,95
537,204,26
537,194,-21
537,184,-24
537,174,-79
537,164,-113
537,154,-39
537,144,103
537,134,6
537,124,-25
537,114,-21
537,104,-120
538,594,-20
538,584,-25
538,574,-67
538,564,-114
538,554,-42
538,544,105
538,534,11
538,524,-24
538,514,-22
538,504,-113
538,494,-92
538,484,0
538,474,89
538,464,-8
538,454,-26
538,444,-24
538,434,-128
538,424,-66
538,414,60
538,404,48
538,394,-17
538,384,-26
538,374,-56
538,364,-122
538,354,-50
538,344,112
538,334,15
538,324,-22
538,314,-22
538,304,-99
538,294,-105
538,284,-23
538,274,100
538,264,-2
538,254,-25
538,244,-21
538,234,-132
538,224,-77
538,214,36
538,204,69
538,194,-13
538,184,-26
538,174,-49
538,164,-126
538,154,-55
538,144,103
538,134,26
538,124,-20
538,114,-23
538,104,-86
538,594,-13
538,584,-27
538,574,-41
538,564,-126
538,554,-57
538,544,89
538,534,30
538,524,-20
538,514,-24
538,504,-75
538,494,-113
538,484,-41
538,474,104
538,464,8
538,454,-24
538,444,-21
538,434,-117
538,424,-88
538,414,7
538,404,89
538,394,-9
538,384,-25
538,374,-27
538,364,-130
538,354,-65
538,344,67
538,334,46
538,324,-17
538,314,-25
538,304,-58
538,294,-118
538,284,-47
538,274,110
538,264,12
538,254,-24
538,244,-23
538,234,-100
538,224,-101
538,214,-18
538,204,97
538,194,-3
538,184,-25
538,174,-21
538,164,-129
538,154,-75
538,144,37
538,134,65
538,124,-14
538,114,-26
538,104,-48
539,594,0
539,584,-26
539,574,-20
539,564,-125
539,554,-79
539,544,27
539,534,72
539,524,-13
539,514,-27
539,504,-44
539,494,-125
539,484,-56
539,474,94
539,464,26
539,454,-20
539,444,-24
539,434,-80
539,424,-112
539,414,-38
539,404,103
539,394,4
539,384,-25
539,374,-20
539,364,-122
539,354,-83
539,344,15
539,334,84
539,324,-13
539,314,-26
539,304,-36
539,294,-128
539,284,-60
539,274,88
539,264,40
539,254,-12
539,244,-22
539,234,-83
539,224,-139
539,214,-52
539,204,132
539,194,22
539,184,-20
539,174,-21
539,164,-141
539,154,-108
539,144,7
539,134,113
539,124,0
539,114,-22
539,104,-33
539,594,23
539,584,-18
539,574,-20
539,564,-140
539,554,-108
539,544,8
539,534,113
539,524,-1
539,514,-22
539,504,-35
539,494,-158
539,484,-79
539,474,98
539,464,57
539,454,-11
539,444,-22
539,434,-83
539,424,-141
539,414,-53
539,404,132
539,394,22
539,384,-19
539,374,-20
539,364,-141
539,354,-106
539,344,12
539,334,110
539,324,-2
539,314,-23
539,304,-38
539,294,-153
539,284,-74
539,274,101
539,264,50
539,254,-14
539,244,-24
539,234,-82
539,224,-115
539,214,-39
539,204,106
539,194,5
539,184,-25
539,174,-21
539,164,-125
539,154,-80
539,144,24
539,134,75
539,124,-14
539,114,-26
539,104,-46
540,594,-3
540,584,-26
540,574,-23
540,564,-129
540,554,-71
540,544,52
540,534,53
540,524,-17
540,514,-26
540,504,-57
540,494,-118
540,484,-46
540,474,107
540,464,9
540,454,-24
540,444,-22
540,434,-115
540,424,-91
540,414,3
540,404,86
540,394,-10
540,384,-26
540,374,-30
540,364,-127
540,354,-61
540,344,77
540,334,34
540,324,-19
540,314,-25
540,304,-71
540,294,-114
540,284,-43
540,274,104
540,264,8
540,254,-24
540,244,-22
540,234,-121
540,224,-85
540,214,13
540,204,84
540,194,-11
540,184,-26
540,174,-38
540,164,-126
540,154,-58
540,144,90
540,134,29
540,124,-20
540,114,-23
540,104,-82
540,594,-5
540,584,-23
540,574,-54
540,564,-141
540,554,-64
540,544,120
540,534,26
540,524,-19
540,514,-23
540,504,-107
540,494,-111
540,484,-22
540,474,98
540,464,-2
540,454,-26
540,444,-23
540,434,-130
540,424,-72
540,414,47
540,404,56
540,394,-16
540,384,-26
540,374,-56
540,364,-118
540,354,-48
540,344,108
540,334,12
540,324,-23
540,314,-23
540,304,-105
540,294,-96
540,284,-7
540,274,93
540,264,-6
540,254,-26
540,244,-24
540,234,-128
540,224,-67
540,214,57
540,204,48
540,194,-17
540,184,-25
540,174,-57
540,164,-118
540,154,-47
540,144,106
540,134,10
540,124,-23
540,114,-23
540,104,-105
541,594,-16
541,584,-25
541,574,-57
541,564,-117
541,554,-47
541,544,106
541,534,12
541,524,-22
541,514,-22
541,504,-102
541,494,-97
541,484,-14
541,474,93
541,464,-4
541,454,-25
541,444,-23
541,434,-127
541,424,-72
541,414,41
541,404,59
541,394,-14
541,384,-26
541,374,-50
541,364,-120
541,354,-52
541,344,101
541,334,22
541,324,-21
541,314,-24
541,304,-87
541,294,-108
541,284,-35
541,274,99
541,264,2
541,254,-25
541,244,-21
541,234,-121
541,224,-81
541,214,15
541,204,94
541,194,-9
541,184,-26
541,174,-35
541,164,-139
541,154,-67
541,144,83
541,134,46
541,124,-17
541,114,-25
541,104,-65
541,595,-4
541,585,-24
541,575,-23
541,565,-136
541,555,-74
541,545,49
541,535,63
541,525,-13
541,515,-25
541,505,-53
541,495,-127
541,485,-55
541,475,108
541,465,25
541,455,-20
541,445,-23
541,435,-89
541,425,-116
541,415,-40
541,405,109
541,395,6
541,385,-24
541,375,-21
541,365,-126
541,355,-90
541,345,10
541,335,93
541,325,-9
541,315,-25
541,305,-31
541,295,-136
541,285,-67
541,275,73
541,265,48
541,255,-17
541,245,-24
541,235,-61
541,225,-124
541,215,-50
541,205,113
541,195,15
541,185,-21
541,175,-23
541,165,-95
541,155,-99
541,145,-26
541,135,84
541,125,0
541,115,-21
541,105,-22
542,595,26
542,585,-17
542,575,-20
542,565,-75
542,555,-106
542,545,-44
542,535,87
542,525,8
542,515,-20
542,505,-18
542,495,-107
542,485,-86
542,475,-4
542,465,79
542,455,-7
542,445,-23
542,435,-23
542,425,-131
542,415,-75
542,405,62
542,395,60
542,385,-12
542,375,-23
542,365,-58
542,355,-127
542,345,-58
542,335,108
542,325,29
542,315,-14
542,305,-20
542,295,-96
542,285,-114
542,275,-37
542,265,105
542,255,10
542,245,-19
542,235,-21
542,225,-134
542,215,-94
542,205,11
542,195,92
542,185,-1
542,175,-20
542,165,-38
542,155,-139
542,145,-73
542,135,76
542,125,51
542,115,-8
542,105,-22
542,595,98
542,585,1
542,575,-20
542,565,-22
542,555,-131
542,545,-74
542,535,50
542,525,58
542,515,-11
542,505,-23
542,495,-58
542,485,-131
542,475,-56
542,465,120
542,455,25
542,445,-18
542,435,-22
542,425,-109
542,415,-116
542,405,-25
542,395,117
542,385,6
542,375,-22
542,365,-21
542,355,-151
542,345,-90
542,335,43
542,325,86
542,315,-6
542,305,-24
542,295,-54
542,285,-146
542,275,-65
542,265,123
542,255,35
542,245,-16
542,235,-22
542,225,-104
542,215,-128
542,205,-37
542,195,125
542,185,10
542,175,-21
542,165,-20
542,155,-151
542,145,-94
542,135,35
542,125,93
542,115,-6
542,105,-24
543,595,122
543,585,9
543,575,-21
543,565,-20
543,555,-149
543,545,-90
543,535,40
543,525,86
543,515,-8
543,505,-24
543,495,-55
543,485,-138
543,475,-63
543,465,117
543,455,31
543,445,-17
543,435,-21
543,425,-102
543,415,-123
543,405,-33
543,395,114
543,385,8
543,375,-21
543,365,-19
543,355,-143
543,345,-85
543,335,41
543,325,75
543,315,-9
543,305,-26
543,295,-59
543,285,-145
543,275,-62
543,265,134
543,255,31
543,245,-17
543,235,-22
543,225,-117
543,215,-123
543,205,-18
543,195,122
543,185,6
543,175,-22
543,165,-24
543,155,-156
543,145,-84
543,135,64
543,125,62
543,115,-10
543,105,-22
543,595,103
543,585,-4
543,575,-23
543,565,-39
543,555,-145
543,545,-68
543,535,107
543,525,39
543,515,-16
543,505,-22
543,495,-101
543,485,-126
543,475,-34
543,465,120
543,455,7
543,445,-22
543,435,-22
543,425,-151
543,415,-84
543,405,62
543,395,68
543,385,-11
543,375,-23
543,365,-67
543,355,-139
543,345,-54
543,335,128
543,325,23
543,315,-21
543,305,-20
543,295,-138
543,285,-102
543,275,16
543,265,105
543,255,-5
543,245,-23
543,235,-47
543,225,-152
543,215,-68
543,205,122
543,195,37
543,185,-16
543,175,-22
543,165,-113
543,155,-128
543,145,-19
543,135,126
543,125,5
543,115,-23
543,105,-25
544,595,19
544,585,-22
544,575,-21
544,565,-151
544,555,-100
544,545,31
544,535,100
544,525,-6
544,515,-25
544,505,-57
544,495,-151
544,485,-64
544,475,130
544,465,30
544,455,-17
544,445,-21
544,435,-116
544,425,-119
544,415,-10
544,405,116
544,395,1
544,385,-23
544,375,-25
544,365,-155
544,355,-79
544,345,87
544,335,56
544,325,-14
544,315,-23
544,305,-82
544,295,-137
544,285,-48
544,275,126
544,265,16
544,255,-22
544,245,-19
544,235,-147
544,225,-97
544,215,31
544,205,94
544,195,-6
544,185,-24
544,175,-55
544,165,-146
544,155,-63
544,145,130
544,135,29
544,125,-18
544,115,-20
544,105,-116
544,595,-13
544,585,-22
544,575,-78
544,565,-138
544,555,-51
544,545,128
544,535,18
544,525,-21
544,515,-20
544,505,-145
544,495,-100
544,485,24
544,475,100
544,465,-7
544,455,-24
544,445,-51
544,435,-147
544,425,-65
544,415,126
544,405,32
544,395,-18
544,385,-22
544,375,-112
544,365,-122
544,355,-20
544,345,119
544,335,2
544,325,-22
544,315,-23
544,305,-153
544,295,-80
544,285,77
544,275,61
544,265,-12
544,255,-23
544,245,-74
544,235,-138
544,225,-52
544,215,129
544,205,20
544,195,-21
544,185,-20
544,175,-144
544,165,-100
544,155,21
544,145,103
544,135,-7
544,125,-24
544,115,-49
544,105,-148
545,595,-22
545,585,-22
545,575,-156
545,565,-85
545,555,68
545,545,69
545,535,-10
545,525,-23
545,515,-68
545,505,-143
545,495,-56
545,485,133
545,475,23
545,465,-19
545,455,-20
545,445,-137
545,435,-109
545,425,8
545,415,115
545,405,-2
545,395,-23
545,385,-37
545,375,-158
545,365,-75
545,355,105
545,345,50
545,335,-15
545,325,-22
545,315,-91
545,305,-139
545,295,-49
545,285,132
545,275,16
545,265,-21
545,255,-20
545,245,-151
545,235,-102
545,225,27
545,215,106
545,205,-5
545,195,-24
545,185,-49
545,175,-153
545,165,-70
545,155,122
545,145,42
545,135,-15
545,125,-23
545,115,-102
545,105,-135
545,595,-24
545,585,-57
545,575,-153
545,565,-67
545,555,133
545,545,39
545,535,-17
545,525,-22
545,515,-107
545,505,-135
545,495,-38
545,485,133
545,475,13
545,465,-22
545,455,-20
545,445,-160
545,435,-99
545,425,37
545,415,102
545,405,-4
545,395,-24
545,385,-53
545,375,-156
545,365,-70
545,355,125
545,345,45
545,335,-15
545,325,-23
545,315,-102
545,305,-141
545,295,-46
545,285,138
545,275,18
545,265,-21
545,255,-21
545,245,-157
545,235,-104
545,225,24
545,215,115
545,205,-3
545,195,-23
545,185,-43
545,175,-160
545,165,-73
545,155,104
545,145,50
545,135,-14
545,125,-23
545,115,-84
545,105,-136
546,595,-23
546,585,-37
546,575,-150
546,565,-74
546,555,92
546,545,52
546,535,-13
546,525,-23
546,515,-78
546,505,-138
546,495,-52
546,485,129
546,475,24
546,465,-20
546,455,-21
546,445,-141
546,435,-115
546,425,4
546,415,122
546,405,1
546,395,-23
546,385,-28
546,375,-164
546,365,-85
546,355,85
546,345,73
546,335,-10
546,325,-24
546,315,-70
546,305,-151
546,295,-59
546,285,145
546,275,28
546,265,-18
546,255,-22
546,245,-126
546,235,-127
546,225,-16
546,215,129
546,205,7
546,195,-23
546,185,-23
546,175,-162
546,165,-92
546,155,54
546,145,90
546,135,-6
546,125,-25
546,115,-61
546,105,-156
546,596,-22
546,586,-21
546,576,-160
546,566,-98
546,556,39
546,546,102
546,536,-5
546,526,-25
546,516,-53
546,506,-156
546,496,-70
546,486,126
546,476,46
546,466,-15
546,456,-24
546,446,-102
546,436,-144
546,426,-46
546,416,140
546,406,17
546,396,-21
546,386,-22
546,376,-158
546,366,-105
546,356,27
546,346,115
546,336,-4
546,326,-25
546,316,-46
546,306,-162
546,296,-74
546,286,120
546,276,50
546,266,-15
546,256,-24
546,246,-98
546,236,-145
546,226,-50
546,216,141
546,206,20
546,196,-22
546,186,-21
546,176,-154
546,166,-106
546,156,21
546,146,118
546,136,-4
546,126,-24
546,116,-42
546,106,-164
547,596,-21
547,586,-22
547,576,-155
547,566,-107
547,556,22
547,546,118
547,536,-4
547,526,-24
547,516,-43
547,506,-165
547,496,-75
547,486,114
547,476,55
547,466,-13
547,456,-24
547,446,-89
547,436,-147
547,426,-52
547,416,144
547,406,25
547,396,-20
547,386,-22
547,376,-150
547,366,-113
547,356,11
547,346,123
547,336,-1
547,326,-24
547,316,-34
547,306,-167
547,296,-81
547,286,100
547,276,64
547,266,-12
547,256,-24
547,246,-78
547,236,-150
547,226,-55
547,216,147
547,206,27
547,196,-19
547,186,-22
547,176,-144
547,166,-118
547,156,4
547,146,126
547,136,0
547,126,-23
547,116,-29
547,106,-166
547,596,-21
547,586,-22
547,576,-152
547,566,-112
547,556,18
547,546,121
547,536,-3
547,526,-24
547,516,-42
547,506,-165
547,496,-75
547,486,119
547,476,50
547,466,-15
547,456,-23
547,446,-102
547,436,-143
547,426,-43
547,416,140
547,406,14
547,396,-23
547,386,-21
547,376,-164
547,366,-96
547,356,53
547,346,93
547,336,-7
547,326,-24
547,316,-67
547,306,-155
547,296,-62
547,286,147
547,276,29
547,266,-18
547,256,-21
547,246,-136
547,236,-117
547,226,4
547,216,121
547,206,0
547,196,-23
547,186,-36
547,176,-160
547,166,-75
547,156,106
547,146,48
547,136,-15
547,126,-23
547,116,-98
547,106,-130
548,596,-23
548,586,-69
548,576,-138
548,566,-52
548,556,126
548,546,20
548,536,-21
548,526,-22
548,516,-145
548,506,-96
548,496,31
548,486,91
548,476,-6
548,466,-24
548,456,-60
548,446,-142
548,436,-59
548,426,128
548,416,23
548,406,-19
548,396,-23
548,386,-132
548,376,-106
548,366,9
548,356,107
548,346,-4
548,336,-23
548,326,-47
548,316,-146
548,306,-66
548,296,120
548,286,33
548,276,-17
548,266,-22
548,256,-115
548,246,-117
548,236,-9
548,226,114
548,216,1
548,206,-23
548,196,-32
548,186,-154
548,176,-74
548,166,100
548,156,47
548,146,-16
548,136,-23
548,126,-99
548,116,-129
548,106,-35
548,596,-78
548,586,-138
548,576,-50
548,566,130
548,556,17
548,546,-21
548,536,-22
548,526,-152
548,516,-94
548,506,45
548,496,84
548,486,-7
548,476,-24
548,466,-66
548,456,-144
548,446,-56
548,436,134
548,426,25
548,416,-20
548,406,-22
548,396,-143
548,386,-104
548,376,20
548,366,105
548,356,-6
548,346,-24
548,336,-55
548,326,-148
548,316,-64
548,306,133
548,296,30
548,286,-19
548,276,-22
548,266,-130
548,256,-117
548,246,2
548,236,118
548,226,-1
548,216,-24
548,206,-38
548,196,-159
548,186,-73
548,176,113
548,166,46
548,156,-16
548,146,-23
548,136,-104
548,126,-133
548,116,-34
548,106,127
549,596,-143
549,586,-54
549,576,133
549,566,24
549,556,-20
549,546,-22
549,536,-143
549,526,-106
549,516,15
549,506,110
549,496,-4
549,486,-24
549,476,-43
549,466,-154
549,456,-71
549,446,111
549,436,44
549,426,-16
549,416,-23
549,406,-96
549,396,-135
549,386,-43
549,376,128
549,366,13
549,356,-22
549,346,-21
549,336,-153
549,326,-94
549,316,36
549,306,93
549,296,-6
549,286,-25
549,276,-55
549,266,-147
549,256,-65
549,246,124
549,236,34
549,226,-18
549,216,-23
549,206,-105
549,196,-125
549,186,-30
549,176,119
549,166,8
549,156,-22
549,146,-22
549,136,-148
549,126,-89
549,116,42
549,106,83
549,596,-121
549,586,-27
549,576,117
549,566,6
549,556,-22
549,546,-22
549,536,-149
549,526,-88
549,516,44
549,506,81
549,496,-8
549,486,-24
549,476,-57
549,466,-143
549,456,-62
549,446,122
549,436,33
549,426,-17
549,416,-23
549,406,-103
549,396,-124
549,386,-34
549,376,119
549,366,9
549,356,-22
549,346,-21
549,336,-148
549,326,-92
549,316,36
549,306,90
549,296,-6
549,286,-24
549,276,-52
549,266,-146
549,256,-66
549,246,116
549,236,39
549,226,-17
549,216,-23
549,206,-98
549,196,-132
549,186,-42
549,176,125
549,166,13
549,156,-21
549,146,-21
549,136,-145
549,126,-98
549,116,21
549,106,103
550,596,-134
550,586,-48
550,576,125
550,566,17
550,556,-21
550,546,-21
550,536,-141
550,526,-102
550,516,14
550,506,107
550,496,-4
550,486,-24
550,476,-37
550,466,-153
550,456,-75
550,446,94
550,436,52
550,426,-14
550,416,-23
550,406,-80
550,396,-137
550,386,-52
550,376,127
550,366,22
550,356,-20
550,346,-22
550,336,-135
550,326,-108
550,316,6
550,306,111
550,296,-1
550,286,-24
550,276,-31
550,266,-153
550,256,-78
550,246,83
550,236,58
550,226,-12
550,216,-24
550,206,-70
550,196,-139
550,186,-55
550,176,129
550,166,22
550,156,-19
550,146,-22
550,136,-126
550,126,-113
550,116,-7
550,106,114
550,596,-140
550,586,-57
550,576,131
550,566,24
550,556,-19
550,546,-22
550,536,-118
550,526,-119
550,516,-17
550,506,118
550,496,5
550,486,-23
550,476,-23
550,466,-151
550,456,-88
550,446,47
550,436,81
550,426,-7
550,416,-23
550,406,-57
550,396,-144
550,386,-64
550,376,118
550,366,34
550,356,-17
550,346,-23
550,336,-98
550,326,-129
550,316,-42
550,306,122
550,296,12
550,286,-22
550,276,-21
550,266,-140
550,256,-97
550,246,17
550,236,102
550,226,-5
550,216,-24
550,206,-38
550,196,-149
550,186,-73
550,176,94
550,166,49
550,156,-14
550,146,-23
550,136,-77
550,126,-135
550,116,-52
550,106,126
551,596,-161
551,586,-80
551,576,98
551,566,60
551,556,-12
551,546,-24
551,536,-81
551,526,-147
551,516,-54
551,506,141
551,496,25
551,486,-20
551,476,-22
551,466,-146
551,456,-112
551,446,9
551,436,115
551,426,-1
551,416,-24
551,406,-35
551,396,-153
551,386,-75
551,376,91
551,366,52
551,356,-14
551,346,-24
551,336,-79
551,326,-136
551,316,-51
551,306,130
551,296,21
551,286,-20
551,276,-21
551,266,-145
551,256,-110
551,246,12
551,236,118
551,226,-1
551,216,-24
551,206,-38
551,196,-164
551,186,-78
551,176,108
551,166,56
551,156,-13
551,146,-24
551,136,-89
551,126,-146
551,116,-51
551,106,140
551,597,-156
551,587,-71
551,577,121
551,567,44
551,557,-15
551,547,-23
551,537,-101
551,527,-137
551,517,-41
551,507,132
551,497,12
551,487,-22
551,477,-20
551,467,-155
551,457,-96
551,447,38
551,437,94
551,427,-6
551,417,-24
551,407,-56
551,397,-149
551,387,-65
551,377,129
551,367,33
551,357,-19
551,347,-23
551,337,-109
551,327,-124
551,317,-26
551,307,122
551,297,5
551,287,-23
551,277,-23
551,267,-154
551,257,-86
551,247,56
551,237,75
551,227,-10
551,217,-25
551,207,-63
551,197,-141
551,187,-58
551,177,132
551,167,24
551,157,-20
551,147,-23
551,137,-120
551,127,-115
551,117,-7
551,107,114
552,597,-136
552,587,-51
552,577,128
552,567,20
552,557,-21
552,547,-21
552,537,-137
552,527,-103
552,517,13
552,507,107
552,497,-4
552,487,-25
552,477,-39
552,467,-151
552,457,-74
552,447,105
552,437,48
552,427,-15
552,417,-25
552,407,-84
552,397,-119
552,387,-40
552,377,108
552,367,5
552,357,-25
552,347,-22
552,337,-136
552,327,-92
552,317,27
552,307,99
552,297,-6
552,287,-25
552,277,-52
552,267,-149
552,257,-67
552,247,121
552,237,38
552,227,-17
552,217,-23
552,207,-104
552,197,-128
552,187,-37
552,177,125
552,167,10
552,157,-22
552,147,-21
552,137,-152
552,127,-91
552,117,42
552,107,87
552,597,-122
552,587,-16
552,577,122
552,567,5
552,557,-23
552,547,-25
552,537,-155
552,527,-85
552,517,72
552,507,69
552,497,-10
552,487,-24
552,477,-70
552,467,-143
552,457,-56
552,447,125
552,437,15
552,427,-23
552,417,-22
552,407,-118
552,397,-96
552,387,3
552,377,94
552,367,-8
552,357,-26
552,347,-33
552,337,-134
552,327,-64
552,317,85
552,307,36
552,297,-19
552,287,-25
552,277,-82
552,267,-117
552,257,-39
552,247,106
552,237,4
552,227,-26
552,217,-21
552,207,-130
552,197,-78
552,187,37
552,177,63
552,167,-14
552,157,-27
552,147,-55
552,137,-118
552,127,-49
552,117,106
552,107,9
553,597,-69
553,587,109
553,577,36
553,567,-18
553,557,-23
553,547,-104
553,537,-124
553,527,-28
553,517,119
553,507,5
553,497,-22
553,487,-24
553,477,-153
553,467,-82
553,457,79
553,447,57
553,437,-13
553,427,-23
553,417,-80
553,407,-135
553,397,-49
553,387,123
553,377,14
553,367,-22
553,357,-21
553,347,-145
553,337,-91
553,327,37
553,317,81
553,307,-6
553,297,-23
553,287,-63
553,277,-140
553,267,-59
553,257,127
553,247,24
553,237,-18
553,227,-22
553,217,-137
553,207,-104
553,197,12
553,187,106
553,177,-5
553,167,-24
553,157,-50
553,147,-148
553,137,-63
553,127,117
553,117,25
553,107,-20
553,597,84
553,587,36
553,577,-19
553,567,-25
553,557,-85
553,547,-117
553,537,-35
553,527,106
553,517,0
553,507,-26
553,497,-23
553,487,-134
553,477,-74
553,467,55
553,457,51
553,447,-17
553,437,-26
553,427,-62
553,417,-119
553,407,-46
553,397,107
553,387,9
553,377,-24
553,367,-21
553,357,-125
553,347,-82
553,337,24
553,327,71
553,317,-14
553,307,-26
553,297,-53
553,287,-122
553,277,-51
553,267,110
553,257,11
553,247,-23
553,237,-23
553,227,-116
553,217,-91
553,207,8
553,197,86
553,187,-12
553,177,-27
553,167,-44
553,157,-126
553,147,-57
553,137,104
553,127,20
553,117,-23
553,107,-24
554,597,35
554,587,-20
554,577,-25
554,567,-82
554,557,-114
554,547,-36
554,537,102
554,527,0
554,517,-26
554,507,-23
554,497,-130
554,487,-73
554,477,54
554,467,50
554,457,-17
554,447,-26
554,437,-63
554,427,-119
554,417,-46
554,407,108
554,397,9
554,387,-25
554,377,-22
554,367,-126
554,357,-83
554,347,24
554,337,75
554,327,-14
554,317,-27
554,307,-53
554,297,-123
554,287,-52
554,277,112
554,267,14
554,257,-23
554,247,-23
554,237,-112
554,227,-97
554,217,3
554,207,93
554,197,-10
554,187,-26
554,177,-36
554,167,-133
554,157,-62
554,147,96
554,137,28
554,127,-21
554,117,-24
554,107,-89
554,597,-17
554,587,-26
554,577,-66
554,567,-123
554,557,-46
554,547,111
554,537,9
554,527,-25
554,517,-21
554,507,-124
554,497,-83
554,487,21
554,477,74
554,467,-14
554,457,-27
554,447,-51
554,437,-125
554,427,-54
554,417,113
554,407,17
554,397,-23
554,387,-24
554,377,-108
554,367,-100
554,357,-4
554,347,95
554,337,-8
554,327,-27
554,317,-31
554,307,-134
554,297,-64
554,287,87
554,277,36
554,267,-20
554,257,-25
554,247,-80
554,237,-117
554,227,-39
554,217,106
554,207,3
554,197,-25
554,187,-21
554,177,-132
554,167,-80
554,157,36
554,147,67
554,137,-14
554,127,-26
554,117,-56
554,107,-123
555,597,-26
555,587,-30
555,577,-136
555,567,-66
555,557,84
555,547,41
555,537,-19
555,527,-26
555,517,-73
555,507,-120
555,497,-43
555,487,109
555,477,8
555,467,-26
555,457,-22
555,447,-125
555,437,-94
555,427,15
555,417,105
555,407,-5
555,397,-24
555,387,-44
555,377,-148
555,367,-72
555,357,106
555,347,43
555,337,-15
555,327,-22
555,317,-88
555,307,-127
555,297,-46
555,287,116
555,277,11
555,267,-22
555,257,-21
555,247,-141
555,237,-93
555,227,24
555,217,90
555,207,-7
555,197,-24
555,187,-51
555,177,-140
555,167,-67
555,157,112
555,147,35
555,137,-17
555,127,-23
555,117,-98
555,107,-127
555,597,-24
555,587,-54
555,577,-136
555,567,-64
555,557,114
555,547,31
555,537,-17
555,527,-22
555,517,-96
555,507,-122
555,497,-40
555,487,117
555,477,10
555,467,-22
555,457,-21
555,447,-143
555,437,-93
555,427,26
555,417,92
555,407,-7
555,397,-24
555,387,-48
555,377,-144
555,367,-69
555,357,105
555,347,42
555,337,-14
555,327,-22
555,317,-84
555,307,-133
555,297,-51
555,287,123
555,277,18
555,267,-19
555,257,-19
555,247,-129
555,237,-106
555,227,2
555,217,111
555,207,0
555,197,-21
555,187,-27
555,177,-144
555,167,-83
555,157,55
555,147,68
555,137,-8
555,127,-23
555,117,-65
555,107,-144
556,597,-21
556,587,-21
556,577,-151
556,567,-97
556,557,27
556,547,100
556,537,-4
556,527,-23
556,517,-44
556,507,-152
556,497,-76
556,487,100
556,477,55
556,467,-11
556,457,-23
556,447,-74
556,437,-142
556,427,-58
556,417,133
556,407,25
556,397,-17
556,387,-22
556,377,-112
556,367,-119
556,357,-30
556,347,115
556,337,10
556,327,-20
556,317,-21
556,307,-143
556,297,-96
556,287,21
556,277,94
556,267,-3
556,257,-22
556,247,-43
556,237,-146
556,227,-75
556,217,95
556,207,50
556,197,14
556,187,458
556,177,1064
556,167,717
556,157,1800
556,149,2775